<?xml version="1.0" encoding="UTF-8"?>
<!-- Generated by org.testng.reporters.JUnitReportReporter -->
<testsuite hostname="Lillys-MacBook-Air.local" failures="0" tests="1" name="Driver.Selenium1.NewTestNG" time="15.860" errors="0" timestamp="2024-05-11T15:11:32 EEST" skipped="0">
  <testcase classname="Driver.Selenium1.NewTestNG" name="f" time="15.860"/>
  <system-out/>
</testsuite> <!-- Driver.Selenium1.NewTestNG -->
