<?xml version="1.0" encoding="UTF-8"?>
<!-- Generated by org.testng.reporters.JUnitReportReporter -->
<testsuite hostname="Lillys-MacBook-Air.local" failures="0" tests="1" name="Driver.Selenium1.Chrome" time="21.522" errors="0" timestamp="2024-08-30T22:44:12 EEST" skipped="0">
  <testcase classname="Driver.Selenium1.Chrome" name="browserOpen" time="21.522"/>
  <system-out/>
</testsuite> <!-- Driver.Selenium1.Chrome -->
